<?xml version="1.0" encoding="utf-8"?><testsuites name="pytest tests"><testsuite name="pytest" errors="0" failures="0" skipped="0" tests="5" time="0.977" timestamp="2026-05-08T02:51:23.417483+00:00" hostname="agent-env-eecdab60-b65c-4773-8dcd-f0bc94f39a79"><testcase classname="backend.tests.test_render_studio_api" name="test_health_endpoint_ok" time="0.226" /><testcase classname="backend.tests.test_render_studio_api" name="test_palettes_endpoint_returns_presets" time="0.115" /><testcase classname="backend.tests.test_render_studio_api" name="test_gallery_endpoint_returns_cards" time="0.137" /><testcase classname="backend.tests.test_render_studio_api" name="test_create_render_and_verify_list_contains_it" time="0.327" /><testcase classname="backend.tests.test_render_studio_api" name="test_create_render_rejects_unknown_palette" time="0.099" /></testsuite></testsuites>