<?xml version="1.0" encoding="utf-8"?><testsuites name="pytest tests"><testsuite name="pytest" errors="0" failures="0" skipped="0" tests="12" time="1.597" timestamp="2026-05-08T05:19:38.333013+00:00" hostname="agent-env-eecdab60-b65c-4773-8dcd-f0bc94f39a79"><testcase classname="backend.tests.test_render_studio_api" name="test_health_endpoint_ok" time="0.160" /><testcase classname="backend.tests.test_render_studio_api" name="test_palettes_endpoint_returns_presets" time="0.101" /><testcase classname="backend.tests.test_render_studio_api" name="test_gallery_endpoint_returns_cards" time="0.101" /><testcase classname="backend.tests.test_render_studio_api" name="test_create_render_and_verify_list_contains_it" time="0.341" /><testcase classname="backend.tests.test_render_studio_api" name="test_create_render_rejects_unknown_palette" time="0.102" /><testcase classname="backend.tests.test_render_studio_api" name="test_tonality_renderer_contains_original_layout_and_adapter" time="0.135" /><testcase classname="backend.tests.test_render_studio_api" name="test_site_html_proxy_inserts_base_tag_for_html_pages" time="0.190" /><testcase classname="backend.tests.test_render_studio_api" name="test_site_html_proxy_rejects_invalid_scheme" time="0.099" /><testcase classname="backend.tests.test_render_studio_api" name="test_original_tonality_source_file_exists_with_required_sections" time="0.001" /><testcase classname="backend.tests.test_render_studio_api" name="test_original_source_uses_cool_cmy_logic_for_speckles_and_landscape_depth" time="0.003" /><testcase classname="backend.tests.test_render_studio_api" name="test_tonality_renderer_contains_line_thickness_controls_and_live_wheel_hooks" time="0.126" /><testcase classname="backend.tests.test_render_studio_api" name="test_tonality_renderer_contains_top_down_hex_game_style_contract" time="0.144" /></testsuite></testsuites>